<?xml version="1.0" encoding="UTF-8"?>
<!-- Generated by org.testng.reporters.JUnitXMLReporter -->
<testsuite hostname="Divya-PC" ignored="6" name="Test" tests="4" failures="2" timestamp="01 Feb 2020 08:09:04 GMT" time="225.571" errors="0">
  <testcase name="@AfterMethod postcondition" time="0.559" classname="om.actitime.generic.BaseTest">
    <failure type="java.lang.NoClassDefFoundError" message="org/apache/commons/io/FileUtils">
      <![CDATA[java.lang.NoClassDefFoundError: org/apache/commons/io/FileUtils
at om.actitime.generic.GenericUtils.getscreenshots(GenericUtils.java:21)
at om.actitime.generic.BaseTest.postcondition(BaseTest.java:48)
Caused by: java.lang.ClassNotFoundException: org.apache.commons.io.FileUtils
at java.net.URLClassLoader.findClass(URLClassLoader.java:382)
at java.lang.ClassLoader.loadClass(ClassLoader.java:424)
at sun.misc.Launcher$AppClassLoader.loadClass(Launcher.java:349)
at java.lang.ClassLoader.loadClass(ClassLoader.java:357)
... 30 more
... Removed 28 stack frames]]>
    </failure>
  </testcase> <!-- @AfterMethod postcondition -->
  <testcase name="@AfterMethod postcondition" time="0.761" classname="om.actitime.generic.BaseTest">
    <failure type="java.lang.NoClassDefFoundError" message="org/apache/commons/io/FileUtils">
      <![CDATA[java.lang.NoClassDefFoundError: org/apache/commons/io/FileUtils
at om.actitime.generic.GenericUtils.getscreenshots(GenericUtils.java:21)
at om.actitime.generic.BaseTest.postcondition(BaseTest.java:48)
... Removed 28 stack frames]]>
    </failure>
  </testcase> <!-- @AfterMethod postcondition -->
  <testcase name="testValidLoginLogout" time="17.598" classname="com.actitime.tests.ValidLoginLogoutTest"/>
  <testcase name="testInvalidLogin" time="23.198" classname="com.actitime.tests.InvalidLoginTest"/>
  <testcase name="testVerifyVersion" time="30.822" classname="com.actitime.tests.VerfiyVersionTest">
    <failure type="java.lang.AssertionError" message="null">
      <![CDATA[java.lang.AssertionError: null
at com.actitime.pages.BasePage.verifyElement(BasePage.java:45)
at com.actitime.pages.LoginPage.verifyVersion(LoginPage.java:58)
at com.actitime.tests.VerfiyVersionTest.testVerifyVersion(VerfiyVersionTest.java:25)
... Removed 27 stack frames]]>
    </failure>
  </testcase> <!-- testVerifyVersion -->
  <testcase name="testVerifyBuildNo" time="55.632" classname="com.actitime.tests.VerifyBuildNoTest">
    <failure type="java.lang.AssertionError" message="null">
      <![CDATA[java.lang.AssertionError: null
at com.actitime.pages.BasePage.verifyElement(BasePage.java:45)
at com.actitime.pages.EnterTimeTrackerPage.verifyBuildNo(EnterTimeTrackerPage.java:48)
at com.actitime.tests.VerifyBuildNoTest.testVerifyBuildNo(VerifyBuildNoTest.java:54)
... Removed 27 stack frames]]>
    </failure>
  </testcase> <!-- testVerifyBuildNo -->
  <testcase name="@BeforeTest startTest" time="0.0" classname="om.actitime.generic.BaseTest">
    <ignored/>
  </testcase> <!-- @BeforeTest startTest -->
  <testcase name="@BeforeTest startTest" time="0.0" classname="om.actitime.generic.BaseTest">
    <ignored/>
  </testcase> <!-- @BeforeTest startTest -->
  <testcase name="@BeforeTest startTest" time="0.0" classname="om.actitime.generic.BaseTest">
    <ignored/>
  </testcase> <!-- @BeforeTest startTest -->
  <testcase name="@AfterTest stopTest" time="0.0" classname="om.actitime.generic.BaseTest">
    <ignored/>
  </testcase> <!-- @AfterTest stopTest -->
  <testcase name="@AfterTest stopTest" time="0.0" classname="om.actitime.generic.BaseTest">
    <ignored/>
  </testcase> <!-- @AfterTest stopTest -->
  <testcase name="@AfterTest stopTest" time="0.0" classname="om.actitime.generic.BaseTest">
    <ignored/>
  </testcase> <!-- @AfterTest stopTest -->
</testsuite> <!-- Test -->
